[2014-11-26 18:46:31] request.ERROR: Uncaught PHP Exception Symfony\Component\HttpKernel\Exception\NotFoundHttpException: "No route found for "GET /" (from "http://localhost/gggg/")" at C:\wamp\www\gggg\vendor\symfony\symfony\src\Symfony\Component\HttpKernel\EventListener\RouterListener.php line 145 {"exception":"[object] (Symfony\\Component\\HttpKernel\\Exception\\NotFoundHttpException: No route found for \"GET /\" (from \"http://localhost/gggg/\") at C:\\wamp\\www\\gggg\\vendor\\symfony\\symfony\\src\\Symfony\\Component\\HttpKernel\\EventListener\\RouterListener.php:145, Symfony\\Component\\Routing\\Exception\\ResourceNotFoundException:  at C:\\wamp\\www\\gggg\\app\\cache\\prod\\appProdUrlMatcher.php:35)"} []
[2014-11-26 18:46:31] request.ERROR: Uncaught PHP Exception Symfony\Component\HttpKernel\Exception\NotFoundHttpException: "No route found for "GET /" (from "http://localhost/gggg/")" at C:\wamp\www\gggg\vendor\symfony\symfony\src\Symfony\Component\HttpKernel\EventListener\RouterListener.php line 145 {"exception":"[object] (Symfony\\Component\\HttpKernel\\Exception\\NotFoundHttpException: No route found for \"GET /\" (from \"http://localhost/gggg/\") at C:\\wamp\\www\\gggg\\vendor\\symfony\\symfony\\src\\Symfony\\Component\\HttpKernel\\EventListener\\RouterListener.php:145, Symfony\\Component\\Routing\\Exception\\ResourceNotFoundException:  at C:\\wamp\\www\\gggg\\app\\cache\\prod\\appProdUrlMatcher.php:35)"} []
[2014-11-26 18:46:31] security.NOTICE: It is recommended that you enable the "openssl" extension for random number generation. [] []
[2014-11-26 18:46:31] security.NOTICE: It is recommended that you enable the "openssl" extension for random number generation. [] []
[2014-11-26 18:46:32] request.ERROR: Uncaught PHP Exception Symfony\Component\HttpKernel\Exception\NotFoundHttpException: "No route found for "GET /" (from "http://localhost/gggg/")" at C:\wamp\www\gggg\vendor\symfony\symfony\src\Symfony\Component\HttpKernel\EventListener\RouterListener.php line 145 {"exception":"[object] (Symfony\\Component\\HttpKernel\\Exception\\NotFoundHttpException: No route found for \"GET /\" (from \"http://localhost/gggg/\") at C:\\wamp\\www\\gggg\\vendor\\symfony\\symfony\\src\\Symfony\\Component\\HttpKernel\\EventListener\\RouterListener.php:145, Symfony\\Component\\Routing\\Exception\\ResourceNotFoundException:  at C:\\wamp\\www\\gggg\\app\\cache\\prod\\appProdUrlMatcher.php:35)"} []
[2014-11-26 18:46:32] security.NOTICE: It is recommended that you enable the "openssl" extension for random number generation. [] []
[2014-11-26 18:46:32] request.ERROR: Uncaught PHP Exception Symfony\Component\HttpKernel\Exception\NotFoundHttpException: "No route found for "GET /" (from "http://localhost/gggg/")" at C:\wamp\www\gggg\app\cache\prod\classes.php line 1992 {"exception":"[object] (Symfony\\Component\\HttpKernel\\Exception\\NotFoundHttpException: No route found for \"GET /\" (from \"http://localhost/gggg/\") at C:\\wamp\\www\\gggg\\app\\cache\\prod\\classes.php:1992, Symfony\\Component\\Routing\\Exception\\ResourceNotFoundException:  at C:\\wamp\\www\\gggg\\app\\cache\\prod\\appProdUrlMatcher.php:35)"} []
[2014-11-26 18:46:32] request.ERROR: Uncaught PHP Exception Symfony\Component\HttpKernel\Exception\NotFoundHttpException: "No route found for "GET /" (from "http://localhost/gggg/")" at C:\wamp\www\gggg\vendor\symfony\symfony\src\Symfony\Component\HttpKernel\EventListener\RouterListener.php line 145 {"exception":"[object] (Symfony\\Component\\HttpKernel\\Exception\\NotFoundHttpException: No route found for \"GET /\" (from \"http://localhost/gggg/\") at C:\\wamp\\www\\gggg\\vendor\\symfony\\symfony\\src\\Symfony\\Component\\HttpKernel\\EventListener\\RouterListener.php:145, Symfony\\Component\\Routing\\Exception\\ResourceNotFoundException:  at C:\\wamp\\www\\gggg\\app\\cache\\prod\\appProdUrlMatcher.php:35)"} []
[2014-11-26 18:46:32] security.NOTICE: It is recommended that you enable the "openssl" extension for random number generation. [] []
[2014-11-26 18:46:32] security.NOTICE: It is recommended that you enable the "openssl" extension for random number generation. [] []
[2014-11-26 18:46:33] request.ERROR: Uncaught PHP Exception Symfony\Component\HttpKernel\Exception\NotFoundHttpException: "No route found for "GET /" (from "http://localhost/gggg/")" at C:\wamp\www\gggg\vendor\symfony\symfony\src\Symfony\Component\HttpKernel\EventListener\RouterListener.php line 145 {"exception":"[object] (Symfony\\Component\\HttpKernel\\Exception\\NotFoundHttpException: No route found for \"GET /\" (from \"http://localhost/gggg/\") at C:\\wamp\\www\\gggg\\vendor\\symfony\\symfony\\src\\Symfony\\Component\\HttpKernel\\EventListener\\RouterListener.php:145, Symfony\\Component\\Routing\\Exception\\ResourceNotFoundException:  at C:\\wamp\\www\\gggg\\app\\cache\\prod\\appProdUrlMatcher.php:35)"} []
[2014-11-26 18:46:33] security.NOTICE: It is recommended that you enable the "openssl" extension for random number generation. [] []
[2014-11-27 20:49:41] request.ERROR: Uncaught PHP Exception Symfony\Component\HttpKernel\Exception\NotFoundHttpException: "No route found for "GET /"" at C:\wamp\www\gggg\app\cache\prod\classes.php line 1992 {"exception":"[object] (Symfony\\Component\\HttpKernel\\Exception\\NotFoundHttpException: No route found for \"GET /\" at C:\\wamp\\www\\gggg\\app\\cache\\prod\\classes.php:1992, Symfony\\Component\\Routing\\Exception\\ResourceNotFoundException:  at C:\\wamp\\www\\gggg\\app\\cache\\prod\\appProdUrlMatcher.php:35)"} []
[2014-11-27 20:49:41] security.NOTICE: It is recommended that you enable the "openssl" extension for random number generation. [] []
[2014-11-27 20:50:09] request.ERROR: Uncaught PHP Exception Symfony\Component\HttpKernel\Exception\NotFoundHttpException: "No route found for "GET /"" at C:\wamp\www\gggg\vendor\symfony\symfony\src\Symfony\Component\HttpKernel\EventListener\RouterListener.php line 145 {"exception":"[object] (Symfony\\Component\\HttpKernel\\Exception\\NotFoundHttpException: No route found for \"GET /\" at C:\\wamp\\www\\gggg\\vendor\\symfony\\symfony\\src\\Symfony\\Component\\HttpKernel\\EventListener\\RouterListener.php:145, Symfony\\Component\\Routing\\Exception\\ResourceNotFoundException:  at C:\\wamp\\www\\gggg\\app\\cache\\prod\\appProdUrlMatcher.php:35)"} []
[2014-11-27 20:50:09] event.DEBUG: Notified event "kernel.request" to listener "Symfony\Component\EventDispatcher\Debug\WrappedListener::__invoke". [] []
[2014-11-27 20:50:09] event.DEBUG: Notified event "kernel.request" to listener "Symfony\Component\EventDispatcher\Debug\WrappedListener::__invoke". [] []
[2014-11-27 20:50:09] event.DEBUG: Notified event "kernel.request" to listener "Symfony\Component\EventDispatcher\Debug\WrappedListener::__invoke". [] []
[2014-11-27 20:50:09] event.DEBUG: Notified event "kernel.request" to listener "Symfony\Component\EventDispatcher\Debug\WrappedListener::__invoke". [] []
[2014-11-27 20:50:09] event.DEBUG: Notified event "kernel.request" to listener "Symfony\Component\EventDispatcher\Debug\WrappedListener::__invoke". [] []
[2014-11-27 20:50:09] event.DEBUG: Notified event "kernel.request" to listener "Symfony\Component\EventDispatcher\Debug\WrappedListener::__invoke". [] []
[2014-11-27 20:50:09] event.DEBUG: Notified event "kernel.request" to listener "Symfony\Component\EventDispatcher\Debug\WrappedListener::__invoke". [] []
[2014-11-27 20:50:09] event.DEBUG: Notified event "kernel.request" to listener "Symfony\Component\EventDispatcher\Debug\WrappedListener::__invoke". [] []
[2014-11-27 20:50:09] event.DEBUG: Notified event "kernel.request" to listener "Symfony\Component\EventDispatcher\Debug\WrappedListener::__invoke". [] []
[2014-11-27 20:50:09] security.NOTICE: It is recommended that you enable the "openssl" extension for random number generation. [] []
[2014-11-27 20:50:09] event.DEBUG: Notified event "kernel.controller" to listener "Sensio\Bundle\FrameworkExtraBundle\EventListener\ControllerListener::onKernelController". [] []
[2014-11-27 20:50:09] event.DEBUG: Notified event "kernel.controller" to listener "Sensio\Bundle\FrameworkExtraBundle\EventListener\ParamConverterListener::onKernelController". [] []
[2014-11-27 20:50:09] event.DEBUG: Notified event "kernel.controller" to listener "Sensio\Bundle\FrameworkExtraBundle\EventListener\HttpCacheListener::onKernelController". [] []
[2014-11-27 20:50:09] event.DEBUG: Notified event "kernel.controller" to listener "Sensio\Bundle\FrameworkExtraBundle\EventListener\SecurityListener::onKernelController". [] []
[2014-11-27 20:50:09] event.DEBUG: Notified event "kernel.controller" to listener "Sensio\Bundle\FrameworkExtraBundle\EventListener\TemplateListener::onKernelController". [] []
[2014-11-27 20:50:10] event.DEBUG: Notified event "kernel.response" to listener "Symfony\Component\HttpKernel\EventListener\ResponseListener::onKernelResponse". [] []
[2014-11-27 20:50:10] event.DEBUG: Notified event "kernel.response" to listener "Symfony\Component\Security\Http\RememberMe\ResponseListener::onKernelResponse". [] []
[2014-11-27 20:50:10] event.DEBUG: Notified event "kernel.response" to listener "Sensio\Bundle\FrameworkExtraBundle\EventListener\HttpCacheListener::onKernelResponse". [] []
[2014-11-27 20:50:10] event.DEBUG: Notified event "kernel.response" to listener "Symfony\Component\HttpKernel\EventListener\StreamedResponseListener::onKernelResponse". [] []
[2014-11-27 20:50:10] event.DEBUG: Notified event "kernel.finish_request" to listener "Symfony\Component\HttpKernel\EventListener\LocaleListener::onKernelFinishRequest". [] []
[2014-11-27 20:50:10] event.DEBUG: Notified event "kernel.finish_request" to listener "Symfony\Component\HttpKernel\EventListener\RouterListener::onKernelFinishRequest". [] []
[2014-11-27 20:50:10] event.DEBUG: Notified event "kernel.finish_request" to listener "Symfony\Component\Security\Http\Firewall::onKernelFinishRequest". [] []
[2014-11-27 20:50:10] event.DEBUG: Notified event "kernel.exception" to listener "Symfony\Component\HttpKernel\EventListener\ExceptionListener::onKernelException". [] []
[2014-11-27 20:50:10] event.DEBUG: Listener "Symfony\Component\HttpKernel\EventListener\ExceptionListener::onKernelException" stopped propagation of the event "kernel.exception". [] []
[2014-11-27 20:50:10] event.DEBUG: Notified event "kernel.response" to listener "Symfony\Component\HttpKernel\EventListener\ResponseListener::onKernelResponse". [] []
[2014-11-27 20:50:10] event.DEBUG: Notified event "kernel.response" to listener "Symfony\Component\Security\Http\RememberMe\ResponseListener::onKernelResponse". [] []
[2014-11-27 20:50:10] event.DEBUG: Notified event "kernel.response" to listener "Sensio\Bundle\FrameworkExtraBundle\EventListener\HttpCacheListener::onKernelResponse". [] []
[2014-11-27 20:50:10] event.DEBUG: Notified event "kernel.response" to listener "Symfony\Component\HttpKernel\EventListener\StreamedResponseListener::onKernelResponse". [] []
[2014-11-27 20:50:10] event.DEBUG: Notified event "kernel.finish_request" to listener "Symfony\Component\HttpKernel\EventListener\LocaleListener::onKernelFinishRequest". [] []
[2014-11-27 20:50:10] event.DEBUG: Notified event "kernel.finish_request" to listener "Symfony\Component\HttpKernel\EventListener\RouterListener::onKernelFinishRequest". [] []
[2014-11-27 20:50:10] event.DEBUG: Notified event "kernel.finish_request" to listener "Symfony\Component\Security\Http\Firewall::onKernelFinishRequest". [] []
[2014-11-27 20:50:10] event.DEBUG: Notified event "kernel.terminate" to listener "Symfony\Bundle\SwiftmailerBundle\EventListener\EmailSenderListener::onTerminate". [] []
[2014-11-27 20:50:48] request.ERROR: Uncaught PHP Exception Symfony\Component\HttpKernel\Exception\NotFoundHttpException: "No route found for "GET /"" at C:\wamp\www\gggg\app\cache\prod\classes.php line 1992 {"exception":"[object] (Symfony\\Component\\HttpKernel\\Exception\\NotFoundHttpException: No route found for \"GET /\" at C:\\wamp\\www\\gggg\\app\\cache\\prod\\classes.php:1992, Symfony\\Component\\Routing\\Exception\\ResourceNotFoundException:  at C:\\wamp\\www\\gggg\\app\\cache\\prod\\appProdUrlMatcher.php:35)"} []
[2014-11-27 20:50:48] event.DEBUG: Notified event "kernel.request" to listener "Symfony\Component\EventDispatcher\Debug\WrappedListener::__invoke". [] []
[2014-11-27 20:50:48] event.DEBUG: Notified event "kernel.request" to listener "Symfony\Component\EventDispatcher\Debug\WrappedListener::__invoke". [] []
[2014-11-27 20:50:48] event.DEBUG: Notified event "kernel.request" to listener "Symfony\Component\EventDispatcher\Debug\WrappedListener::__invoke". [] []
[2014-11-27 20:50:48] event.DEBUG: Notified event "kernel.request" to listener "Symfony\Component\EventDispatcher\Debug\WrappedListener::__invoke". [] []
[2014-11-27 20:50:48] event.DEBUG: Notified event "kernel.request" to listener "Symfony\Component\EventDispatcher\Debug\WrappedListener::__invoke". [] []
[2014-11-27 20:50:48] event.DEBUG: Notified event "kernel.request" to listener "Symfony\Component\EventDispatcher\Debug\WrappedListener::__invoke". [] []
[2014-11-27 20:50:48] event.DEBUG: Notified event "kernel.request" to listener "Symfony\Component\EventDispatcher\Debug\WrappedListener::__invoke". [] []
[2014-11-27 20:50:48] event.DEBUG: Notified event "kernel.request" to listener "Symfony\Component\EventDispatcher\Debug\WrappedListener::__invoke". [] []
[2014-11-27 20:50:48] event.DEBUG: Notified event "kernel.request" to listener "Symfony\Component\EventDispatcher\Debug\WrappedListener::__invoke". [] []
[2014-11-27 20:50:48] security.NOTICE: It is recommended that you enable the "openssl" extension for random number generation. [] []
[2014-11-27 20:50:48] event.DEBUG: Notified event "kernel.controller" to listener "Sensio\Bundle\FrameworkExtraBundle\EventListener\ControllerListener::onKernelController". [] []
[2014-11-27 20:50:48] event.DEBUG: Notified event "kernel.controller" to listener "Sensio\Bundle\FrameworkExtraBundle\EventListener\ParamConverterListener::onKernelController". [] []
[2014-11-27 20:50:48] event.DEBUG: Notified event "kernel.controller" to listener "Sensio\Bundle\FrameworkExtraBundle\EventListener\HttpCacheListener::onKernelController". [] []
[2014-11-27 20:50:48] event.DEBUG: Notified event "kernel.controller" to listener "Sensio\Bundle\FrameworkExtraBundle\EventListener\SecurityListener::onKernelController". [] []
[2014-11-27 20:50:48] event.DEBUG: Notified event "kernel.controller" to listener "Sensio\Bundle\FrameworkExtraBundle\EventListener\TemplateListener::onKernelController". [] []
[2014-11-27 20:50:49] event.DEBUG: Notified event "kernel.response" to listener "Symfony\Component\HttpKernel\EventListener\ResponseListener::onKernelResponse". [] []
[2014-11-27 20:50:49] event.DEBUG: Notified event "kernel.response" to listener "Symfony\Component\Security\Http\RememberMe\ResponseListener::onKernelResponse". [] []
[2014-11-27 20:50:49] event.DEBUG: Notified event "kernel.response" to listener "Sensio\Bundle\FrameworkExtraBundle\EventListener\HttpCacheListener::onKernelResponse". [] []
[2014-11-27 20:50:49] event.DEBUG: Notified event "kernel.response" to listener "Symfony\Component\HttpKernel\EventListener\StreamedResponseListener::onKernelResponse". [] []
[2014-11-27 20:50:49] event.DEBUG: Notified event "kernel.finish_request" to listener "Symfony\Component\HttpKernel\EventListener\LocaleListener::onKernelFinishRequest". [] []
[2014-11-27 20:50:49] event.DEBUG: Notified event "kernel.finish_request" to listener "Symfony\Component\HttpKernel\EventListener\RouterListener::onKernelFinishRequest". [] []
[2014-11-27 20:50:49] event.DEBUG: Notified event "kernel.finish_request" to listener "Symfony\Component\Security\Http\Firewall::onKernelFinishRequest". [] []
[2014-11-27 20:50:49] event.DEBUG: Notified event "kernel.exception" to listener "Symfony\Component\HttpKernel\EventListener\ExceptionListener::onKernelException". [] []
[2014-11-27 20:50:49] event.DEBUG: Listener "Symfony\Component\HttpKernel\EventListener\ExceptionListener::onKernelException" stopped propagation of the event "kernel.exception". [] []
[2014-11-27 20:50:49] event.DEBUG: Notified event "kernel.response" to listener "Symfony\Component\HttpKernel\EventListener\ResponseListener::onKernelResponse". [] []
[2014-11-27 20:50:49] event.DEBUG: Notified event "kernel.response" to listener "Symfony\Component\Security\Http\RememberMe\ResponseListener::onKernelResponse". [] []
[2014-11-27 20:50:49] event.DEBUG: Notified event "kernel.response" to listener "Sensio\Bundle\FrameworkExtraBundle\EventListener\HttpCacheListener::onKernelResponse". [] []
[2014-11-27 20:50:49] event.DEBUG: Notified event "kernel.response" to listener "Symfony\Component\HttpKernel\EventListener\StreamedResponseListener::onKernelResponse". [] []
[2014-11-27 20:50:49] event.DEBUG: Notified event "kernel.finish_request" to listener "Symfony\Component\HttpKernel\EventListener\LocaleListener::onKernelFinishRequest". [] []
[2014-11-27 20:50:49] event.DEBUG: Notified event "kernel.finish_request" to listener "Symfony\Component\HttpKernel\EventListener\RouterListener::onKernelFinishRequest". [] []
[2014-11-27 20:50:49] event.DEBUG: Notified event "kernel.finish_request" to listener "Symfony\Component\Security\Http\Firewall::onKernelFinishRequest". [] []
[2014-11-27 20:50:49] event.DEBUG: Notified event "kernel.terminate" to listener "Symfony\Bundle\SwiftmailerBundle\EventListener\EmailSenderListener::onTerminate". [] []
[2014-11-27 21:15:35] request.CRITICAL: Uncaught PHP Exception Symfony\Component\Config\Exception\FileLoaderLoadException: "Cannot import resource "C:\wamp\www\gggg\src\Esprit\CaddyBundle/Resources/config/routing.yml" from "C:/wamp/www/gggg/app/config/routing.yml". (You must define a "path" for the route "esprit_caddy_homepage" in file "C:\wamp\www\gggg\src\Esprit\CaddyBundle/Resources/config/routing.yml".)" at C:\wamp\www\gggg\vendor\symfony\symfony\src\Symfony\Component\Config\Loader\FileLoader.php line 104 {"exception":"[object] (Symfony\\Component\\Config\\Exception\\FileLoaderLoadException: Cannot import resource \"C:\\wamp\\www\\gggg\\src\\Esprit\\CaddyBundle/Resources/config/routing.yml\" from \"C:/wamp/www/gggg/app/config/routing.yml\". (You must define a \"path\" for the route \"esprit_caddy_homepage\" in file \"C:\\wamp\\www\\gggg\\src\\Esprit\\CaddyBundle/Resources/config/routing.yml\".) at C:\\wamp\\www\\gggg\\vendor\\symfony\\symfony\\src\\Symfony\\Component\\Config\\Loader\\FileLoader.php:104, InvalidArgumentException: You must define a \"path\" for the route \"esprit_caddy_homepage\" in file \"C:\\wamp\\www\\gggg\\src\\Esprit\\CaddyBundle/Resources/config/routing.yml\". at C:\\wamp\\www\\gggg\\vendor\\symfony\\symfony\\src\\Symfony\\Component\\Routing\\Loader\\YamlFileLoader.php:211)"} []
[2014-11-27 21:15:35] event.DEBUG: Notified event "kernel.request" to listener "Symfony\Component\EventDispatcher\Debug\WrappedListener::__invoke". [] []
[2014-11-27 21:15:35] event.DEBUG: Notified event "kernel.request" to listener "Symfony\Component\EventDispatcher\Debug\WrappedListener::__invoke". [] []
[2014-11-27 21:15:35] event.DEBUG: Notified event "kernel.request" to listener "Symfony\Component\EventDispatcher\Debug\WrappedListener::__invoke". [] []
[2014-11-27 21:15:35] event.DEBUG: Notified event "kernel.request" to listener "Symfony\Component\EventDispatcher\Debug\WrappedListener::__invoke". [] []
[2014-11-27 21:15:35] event.DEBUG: Notified event "kernel.request" to listener "Symfony\Component\EventDispatcher\Debug\WrappedListener::__invoke". [] []
[2014-11-27 21:15:35] event.DEBUG: Notified event "kernel.request" to listener "Symfony\Component\EventDispatcher\Debug\WrappedListener::__invoke". [] []
[2014-11-27 21:15:35] event.DEBUG: Notified event "kernel.request" to listener "Symfony\Component\EventDispatcher\Debug\WrappedListener::__invoke". [] []
[2014-11-27 21:15:35] event.DEBUG: Notified event "kernel.request" to listener "Symfony\Component\EventDispatcher\Debug\WrappedListener::__invoke". [] []
[2014-11-27 21:15:35] event.DEBUG: Notified event "kernel.request" to listener "Symfony\Component\EventDispatcher\Debug\WrappedListener::__invoke". [] []
[2014-11-27 21:15:35] security.NOTICE: It is recommended that you enable the "openssl" extension for random number generation. [] []
[2014-11-27 21:15:35] event.DEBUG: Notified event "kernel.controller" to listener "Sensio\Bundle\FrameworkExtraBundle\EventListener\ControllerListener::onKernelController". [] []
[2014-11-27 21:15:35] event.DEBUG: Notified event "kernel.controller" to listener "Sensio\Bundle\FrameworkExtraBundle\EventListener\ParamConverterListener::onKernelController". [] []
[2014-11-27 21:15:35] event.DEBUG: Notified event "kernel.controller" to listener "Sensio\Bundle\FrameworkExtraBundle\EventListener\HttpCacheListener::onKernelController". [] []
[2014-11-27 21:15:35] event.DEBUG: Notified event "kernel.controller" to listener "Sensio\Bundle\FrameworkExtraBundle\EventListener\SecurityListener::onKernelController". [] []
[2014-11-27 21:15:35] event.DEBUG: Notified event "kernel.controller" to listener "Sensio\Bundle\FrameworkExtraBundle\EventListener\TemplateListener::onKernelController". [] []
[2014-11-27 21:15:35] event.DEBUG: Notified event "kernel.response" to listener "Symfony\Component\HttpKernel\EventListener\ResponseListener::onKernelResponse". [] []
[2014-11-27 21:15:35] event.DEBUG: Notified event "kernel.response" to listener "Symfony\Component\Security\Http\RememberMe\ResponseListener::onKernelResponse". [] []
[2014-11-27 21:15:35] event.DEBUG: Notified event "kernel.response" to listener "Sensio\Bundle\FrameworkExtraBundle\EventListener\HttpCacheListener::onKernelResponse". [] []
[2014-11-27 21:15:35] event.DEBUG: Notified event "kernel.response" to listener "Symfony\Component\HttpKernel\EventListener\StreamedResponseListener::onKernelResponse". [] []
[2014-11-27 21:15:35] event.DEBUG: Notified event "kernel.finish_request" to listener "Symfony\Component\HttpKernel\EventListener\LocaleListener::onKernelFinishRequest". [] []
[2014-11-27 21:15:35] event.DEBUG: Notified event "kernel.finish_request" to listener "Symfony\Component\HttpKernel\EventListener\RouterListener::onKernelFinishRequest". [] []
[2014-11-27 21:15:35] event.DEBUG: Notified event "kernel.finish_request" to listener "Symfony\Component\Security\Http\Firewall::onKernelFinishRequest". [] []
[2014-11-27 21:15:35] event.DEBUG: Notified event "kernel.exception" to listener "Symfony\Component\HttpKernel\EventListener\ExceptionListener::onKernelException". [] []
[2014-11-27 21:15:35] event.DEBUG: Listener "Symfony\Component\HttpKernel\EventListener\ExceptionListener::onKernelException" stopped propagation of the event "kernel.exception". [] []
[2014-11-27 21:15:35] event.DEBUG: Notified event "kernel.response" to listener "Symfony\Component\HttpKernel\EventListener\ResponseListener::onKernelResponse". [] []
[2014-11-27 21:15:35] event.DEBUG: Notified event "kernel.response" to listener "Symfony\Component\Security\Http\RememberMe\ResponseListener::onKernelResponse". [] []
[2014-11-27 21:15:35] event.DEBUG: Notified event "kernel.response" to listener "Sensio\Bundle\FrameworkExtraBundle\EventListener\HttpCacheListener::onKernelResponse". [] []
[2014-11-27 21:15:35] event.DEBUG: Notified event "kernel.response" to listener "Symfony\Component\HttpKernel\EventListener\StreamedResponseListener::onKernelResponse". [] []
[2014-11-27 21:15:35] event.DEBUG: Notified event "kernel.finish_request" to listener "Symfony\Component\HttpKernel\EventListener\LocaleListener::onKernelFinishRequest". [] []
[2014-11-27 21:15:35] event.DEBUG: Notified event "kernel.finish_request" to listener "Symfony\Component\HttpKernel\EventListener\RouterListener::onKernelFinishRequest". [] []
[2014-11-27 21:15:35] event.DEBUG: Notified event "kernel.finish_request" to listener "Symfony\Component\Security\Http\Firewall::onKernelFinishRequest". [] []
[2014-11-27 21:15:35] event.DEBUG: Notified event "kernel.terminate" to listener "Symfony\Bundle\SwiftmailerBundle\EventListener\EmailSenderListener::onTerminate". [] []
[2014-11-27 21:15:39] request.CRITICAL: Uncaught PHP Exception Symfony\Component\Config\Exception\FileLoaderLoadException: "Cannot import resource "C:\wamp\www\gggg\src\Esprit\CaddyBundle/Resources/config/routing.yml" from "C:/wamp/www/gggg/app/config/routing.yml". (You must define a "path" for the route "esprit_caddy_homepage" in file "C:\wamp\www\gggg\src\Esprit\CaddyBundle/Resources/config/routing.yml".)" at C:\wamp\www\gggg\vendor\symfony\symfony\src\Symfony\Component\Config\Loader\FileLoader.php line 104 {"exception":"[object] (Symfony\\Component\\Config\\Exception\\FileLoaderLoadException: Cannot import resource \"C:\\wamp\\www\\gggg\\src\\Esprit\\CaddyBundle/Resources/config/routing.yml\" from \"C:/wamp/www/gggg/app/config/routing.yml\". (You must define a \"path\" for the route \"esprit_caddy_homepage\" in file \"C:\\wamp\\www\\gggg\\src\\Esprit\\CaddyBundle/Resources/config/routing.yml\".) at C:\\wamp\\www\\gggg\\vendor\\symfony\\symfony\\src\\Symfony\\Component\\Config\\Loader\\FileLoader.php:104, InvalidArgumentException: You must define a \"path\" for the route \"esprit_caddy_homepage\" in file \"C:\\wamp\\www\\gggg\\src\\Esprit\\CaddyBundle/Resources/config/routing.yml\". at C:\\wamp\\www\\gggg\\vendor\\symfony\\symfony\\src\\Symfony\\Component\\Routing\\Loader\\YamlFileLoader.php:211)"} []
[2014-11-27 21:15:39] event.DEBUG: Notified event "kernel.request" to listener "Symfony\Component\EventDispatcher\Debug\WrappedListener::__invoke". [] []
[2014-11-27 21:15:39] event.DEBUG: Notified event "kernel.request" to listener "Symfony\Component\EventDispatcher\Debug\WrappedListener::__invoke". [] []
[2014-11-27 21:15:39] event.DEBUG: Notified event "kernel.request" to listener "Symfony\Component\EventDispatcher\Debug\WrappedListener::__invoke". [] []
[2014-11-27 21:15:39] event.DEBUG: Notified event "kernel.request" to listener "Symfony\Component\EventDispatcher\Debug\WrappedListener::__invoke". [] []
[2014-11-27 21:15:39] event.DEBUG: Notified event "kernel.request" to listener "Symfony\Component\EventDispatcher\Debug\WrappedListener::__invoke". [] []
[2014-11-27 21:15:39] event.DEBUG: Notified event "kernel.request" to listener "Symfony\Component\EventDispatcher\Debug\WrappedListener::__invoke". [] []
[2014-11-27 21:15:39] event.DEBUG: Notified event "kernel.request" to listener "Symfony\Component\EventDispatcher\Debug\WrappedListener::__invoke". [] []
[2014-11-27 21:15:39] event.DEBUG: Notified event "kernel.request" to listener "Symfony\Component\EventDispatcher\Debug\WrappedListener::__invoke". [] []
[2014-11-27 21:15:39] event.DEBUG: Notified event "kernel.request" to listener "Symfony\Component\EventDispatcher\Debug\WrappedListener::__invoke". [] []
[2014-11-27 21:15:39] security.NOTICE: It is recommended that you enable the "openssl" extension for random number generation. [] []
[2014-11-27 21:15:39] event.DEBUG: Notified event "kernel.controller" to listener "Sensio\Bundle\FrameworkExtraBundle\EventListener\ControllerListener::onKernelController". [] []
[2014-11-27 21:15:39] event.DEBUG: Notified event "kernel.controller" to listener "Sensio\Bundle\FrameworkExtraBundle\EventListener\ParamConverterListener::onKernelController". [] []
[2014-11-27 21:15:39] event.DEBUG: Notified event "kernel.controller" to listener "Sensio\Bundle\FrameworkExtraBundle\EventListener\HttpCacheListener::onKernelController". [] []
[2014-11-27 21:15:39] event.DEBUG: Notified event "kernel.controller" to listener "Sensio\Bundle\FrameworkExtraBundle\EventListener\SecurityListener::onKernelController". [] []
[2014-11-27 21:15:39] event.DEBUG: Notified event "kernel.controller" to listener "Sensio\Bundle\FrameworkExtraBundle\EventListener\TemplateListener::onKernelController". [] []
[2014-11-27 21:15:39] event.DEBUG: Notified event "kernel.response" to listener "Symfony\Component\HttpKernel\EventListener\ResponseListener::onKernelResponse". [] []
[2014-11-27 21:15:39] event.DEBUG: Notified event "kernel.response" to listener "Symfony\Component\Security\Http\RememberMe\ResponseListener::onKernelResponse". [] []
[2014-11-27 21:15:39] event.DEBUG: Notified event "kernel.response" to listener "Sensio\Bundle\FrameworkExtraBundle\EventListener\HttpCacheListener::onKernelResponse". [] []
[2014-11-27 21:15:39] event.DEBUG: Notified event "kernel.response" to listener "Symfony\Component\HttpKernel\EventListener\StreamedResponseListener::onKernelResponse". [] []
[2014-11-27 21:15:39] event.DEBUG: Notified event "kernel.finish_request" to listener "Symfony\Component\HttpKernel\EventListener\LocaleListener::onKernelFinishRequest". [] []
[2014-11-27 21:15:39] event.DEBUG: Notified event "kernel.finish_request" to listener "Symfony\Component\HttpKernel\EventListener\RouterListener::onKernelFinishRequest". [] []
[2014-11-27 21:15:39] event.DEBUG: Notified event "kernel.finish_request" to listener "Symfony\Component\Security\Http\Firewall::onKernelFinishRequest". [] []
[2014-11-27 21:15:39] event.DEBUG: Notified event "kernel.exception" to listener "Symfony\Component\HttpKernel\EventListener\ExceptionListener::onKernelException". [] []
[2014-11-27 21:15:39] event.DEBUG: Listener "Symfony\Component\HttpKernel\EventListener\ExceptionListener::onKernelException" stopped propagation of the event "kernel.exception". [] []
[2014-11-27 21:15:39] event.DEBUG: Notified event "kernel.response" to listener "Symfony\Component\HttpKernel\EventListener\ResponseListener::onKernelResponse". [] []
[2014-11-27 21:15:39] event.DEBUG: Notified event "kernel.response" to listener "Symfony\Component\Security\Http\RememberMe\ResponseListener::onKernelResponse". [] []
[2014-11-27 21:15:39] event.DEBUG: Notified event "kernel.response" to listener "Sensio\Bundle\FrameworkExtraBundle\EventListener\HttpCacheListener::onKernelResponse". [] []
[2014-11-27 21:15:39] event.DEBUG: Notified event "kernel.response" to listener "Symfony\Component\HttpKernel\EventListener\StreamedResponseListener::onKernelResponse". [] []
[2014-11-27 21:15:39] event.DEBUG: Notified event "kernel.finish_request" to listener "Symfony\Component\HttpKernel\EventListener\LocaleListener::onKernelFinishRequest". [] []
[2014-11-27 21:15:39] event.DEBUG: Notified event "kernel.finish_request" to listener "Symfony\Component\HttpKernel\EventListener\RouterListener::onKernelFinishRequest". [] []
[2014-11-27 21:15:39] event.DEBUG: Notified event "kernel.finish_request" to listener "Symfony\Component\Security\Http\Firewall::onKernelFinishRequest". [] []
[2014-11-27 21:15:39] event.DEBUG: Notified event "kernel.terminate" to listener "Symfony\Bundle\SwiftmailerBundle\EventListener\EmailSenderListener::onTerminate". [] []
